<?xml version="1.0" encoding="UTF-8"?>
<!-- Generated by org.testng.reporters.JUnitReportReporter -->
<testsuite hostname="DELL" failures="0" tests="1" name="TestCases.TC_Booking_01" time="22.096" errors="0" timestamp="2025-06-04T11:33:35 IST" skipped="0">
  <testcase classname="TestCases.TC_Booking_01" name="book" time="22.096"/>
</testsuite> <!-- TestCases.TC_Booking_01 -->
