<?xml version="1.0" encoding="UTF-8"?>
<!-- Generated by org.testng.reporters.JUnitReportReporter -->
<testsuite hostname="DELL" failures="0" tests="1" name="TestCases.TC_Payment_02" time="52.852" errors="0" timestamp="2025-06-05T11:46:18 IST" skipped="0">
  <testcase classname="TestCases.TC_Payment_02" name="book" time="52.852"/>
</testsuite> <!-- TestCases.TC_Payment_02 -->
