<?xml version="1.0" encoding="UTF-8"?>
<!-- Generated by org.testng.reporters.JUnitReportReporter -->
<testsuite hostname="DELL" failures="0" tests="1" name="TestCases.TC_History_Past" time="29.769" errors="0" timestamp="2025-06-03T18:10:12 IST" skipped="0">
  <testcase classname="TestCases.TC_History_Past" name="pastHistory" time="29.769"/>
</testsuite> <!-- TestCases.TC_History_Past -->
