<?xml version="1.0" encoding="UTF-8"?>
<!-- Generated by org.testng.reporters.JUnitReportReporter -->
<testsuite hostname="DELL" failures="0" tests="1" name="TestCases.TC_Login" time="18.847" errors="0" timestamp="2025-06-03T11:20:23 IST" skipped="0">
  <testcase classname="TestCases.TC_Login" name="login" time="18.847"/>
</testsuite> <!-- TestCases.TC_Login -->
