<?xml version="1.0" encoding="UTF-8"?>
<!-- Generated by org.testng.reporters.JUnitReportReporter -->
<testsuite hostname="DELL" failures="0" tests="1" name="TestCases.TC_Payfor2" time="66.999" errors="0" timestamp="2025-06-04T12:29:30 IST" skipped="0">
  <testcase classname="TestCases.TC_Payfor2" name="book" time="66.999"/>
</testsuite> <!-- TestCases.TC_Payfor2 -->
