<?xml version="1.0" encoding="UTF-8"?>
<!-- Generated by org.testng.reporters.JUnitReportReporter -->
<testsuite hostname="DELL" failures="0" tests="2" name="TestCases.TC_Search" time="10.823" errors="0" timestamp="2025-09-05T00:13:50 IST" skipped="0">
  <testcase classname="TestCases.TC_Search" name="search" time="3.685"/>
  <testcase classname="TestCases.TC_Search" name="search" time="7.138"/>
</testsuite> <!-- TestCases.TC_Search -->
