<?xml version="1.0" encoding="UTF-8"?>
<!-- Generated by org.testng.reporters.JUnitReportReporter -->
<testsuite hostname="DELL" failures="0" tests="1" name="TestCases.TC_History_Upcomming" time="30.261" errors="0" timestamp="2025-06-03T18:13:11 IST" skipped="0">
  <testcase classname="TestCases.TC_History_Upcomming" name="History" time="30.261"/>
</testsuite> <!-- TestCases.TC_History_Upcomming -->
