<?xml version="1.0" encoding="UTF-8"?>
<!-- Generated by org.testng.reporters.JUnitReportReporter -->
<testsuite hostname="DELL" failures="0" tests="5" name="TestCases.TC_FormValidations" time="155.193" errors="0" timestamp="2025-06-03T17:48:28 IST" skipped="0">
  <testcase classname="TestCases.TC_FormValidations" name="form_validations" time="26.429"/>
  <testcase classname="TestCases.TC_FormValidations" name="form_validations" time="34.358"/>
  <testcase classname="TestCases.TC_FormValidations" name="form_validations" time="34.978"/>
  <testcase classname="TestCases.TC_FormValidations" name="form_validations" time="34.608"/>
  <testcase classname="TestCases.TC_FormValidations" name="form_validations" time="24.820"/>
</testsuite> <!-- TestCases.TC_FormValidations -->
