<?xml version="1.0" encoding="UTF-8"?>
<!-- Generated by org.testng.reporters.JUnitReportReporter -->
<testsuite hostname="DELL" failures="0" tests="1" name="TestCases.TC_Booking_02" time="23.747" errors="0" timestamp="2025-06-04T12:23:12 IST" skipped="0">
  <testcase classname="TestCases.TC_Booking_02" name="book" time="23.747"/>
</testsuite> <!-- TestCases.TC_Booking_02 -->
