<?xml version="1.0" encoding="UTF-8"?>
<!-- Generated by org.testng.reporters.JUnitReportReporter -->
<testsuite hostname="DELL" failures="0" tests="1" name="TestCases.TC_BookPac2" time="45.688" errors="0" timestamp="2025-06-04T15:28:07 IST" skipped="0">
  <testcase classname="TestCases.TC_BookPac2" name="book" time="45.688"/>
</testsuite> <!-- TestCases.TC_BookPac2 -->
