<?xml version="1.0" encoding="UTF-8"?>
<!-- Generated by org.testng.reporters.JUnitReportReporter -->
<testsuite hostname="DELL" failures="0" tests="1" name="TestCases.TC_Search" time="2.777" errors="0" timestamp="2025-09-05T12:11:52 IST" skipped="0">
  <testcase classname="TestCases.TC_Search" name="search" time="2.777"/>
</testsuite> <!-- TestCases.TC_Search -->
